<?xml version="1.0" encoding="UTF-8"?>
<testsuite xmlns:xsi="http://www.w3.org/2001/XMLSchema-instance" xsi:noNamespaceSchemaLocation="https://maven.apache.org/surefire/maven-surefire-plugin/xsd/surefire-test-report.xsd" name="com.testjunit.MathUtilsTest" time="0.02" tests="2" errors="0" skipped="0" failures="1">
  <properties>
[...]
</properties>
  <testcase name="testAdd" classname="com.testjunit.MathUtilsTest" time="0.004"/>
  <testcase name="testDivide" classname="com.testjunit.MathUtilsTest" time="0.013">
    <failure message="division ==&gt; Expected java.lang.ArithmeticException to be thrown, but nothing was thrown." type="org.opentest4j.AssertionFailedError">org.opentest4j.AssertionFailedError: division ==> Expected java.lang.ArithmeticException to be thrown, but nothing was thrown.
	at com.testjunit.MathUtilsTest.testDivide(MathUtilsTest.java:25)
</failure>
  </testcase>
</testsuite>