<?xml version="1.0" encoding="UTF-8"?>
<testsuite xmlns:xsi="http://www.w3.org/2001/XMLSchema-instance" xsi:noNamespaceSchemaLocation="https://maven.apache.org/surefire/maven-surefire-plugin/xsd/surefire-test-report.xsd" name="com.testjunit.MathUtilsTest" time="0.048" tests="5" errors="0" skipped="1" failures="0">
  <properties>
[...]
</properties>
  <testcase name="testAdd" classname="com.testjunit.MathUtilsTest" time="0.018"/>
  <testcase name="testDivide" classname="com.testjunit.MathUtilsTest" time="0">
    <skipped message="Assumption failed: assumption is not true" type="org.opentest4j.TestAbortedException">org.opentest4j.TestAbortedException: Assumption failed: assumption is not true
	at com.testjunit.MathUtilsTest.testDivide(MathUtilsTest.java:85)
</skipped>
    <system-out><![CDATA[Before Each
Clean
]]></system-out>
  </testcase>
  <testcase name="testMultiply" classname="com.testjunit.MathUtilsTest" time="0.005"/>
  <testcase name="testpositive" classname="com.testjunit.MathUtilsTest$AddTest" time="0.001"/>
  <testcase name="testnegative" classname="com.testjunit.MathUtilsTest$AddTest" time="0"/>
</testsuite>